<?xml version="1.0" encoding="UTF-8"?>
<!-- Generated by org.testng.reporters.JUnitReportReporter -->
<testsuite hostname="5CG1046Y69" failures="0" tests="1" name="Tests.UpdatePetTests" time="2.863" errors="0" timestamp="2023-02-11T14:00:32 IST" skipped="0">
  <testcase classname="Tests.UpdatePetTests" name="updatePetDetails" time="2.863"/>
  <system-out/>
</testsuite> <!-- Tests.UpdatePetTests -->
